<?xml version="1.0" encoding="UTF-8"?>
<Site BuildName="Linux-cc"
	BuildStamp="20230617-2055-Experimental"
	Name="gekkowrld"
	Generator="ctest-3.16.3"
	CompilerName=""
	CompilerVersion=""
	OSName="Linux"
	Hostname="gekkowrld"
	OSRelease="5.4.0-150-generic"
	OSVersion="#167-Ubuntu SMP Mon May 15 17:35:05 UTC 2023"
	OSPlatform="x86_64"
	Is64Bits="1"
	VendorString="GenuineIntel"
	VendorID="Intel Corporation"
	FamilyID="6"
	ModelID="61"
	ProcessorCacheSize="3072"
	NumberOfLogicalCPU="4"
	NumberOfPhysicalCPU="2"
	TotalVirtualMemory="2047"
	TotalPhysicalMemory="7831"
	LogicalProcessorsPerPhysical="2"
	ProcessorClockFrequency="2432.94"
	>
	<Testing>
		<StartDateTime>Jun 17 23:55 EAT</StartDateTime>
		<StartTestTime>1687035332</StartTestTime>
		<TestList/>
		<EndDateTime>Jun 17 23:55 EAT</EndDateTime>
		<EndTestTime>1687035333</EndTestTime>
		<ElapsedMinutes>0</ElapsedMinutes>
	</Testing>
</Site>
